
2024/03/14 (23:31:08) | ===> btop++ v.1.3.2
2024/03/14 (23:31:08) | ERROR: Couldn't determine terminal size of "STDOUT_FILENO"!
2024/03/14 (23:31:08) | ERROR: Couldn't determine terminal size of "/dev/tty"!

2024/03/25 (19:29:51) | ===> btop++ v.1.3.2
2024/03/25 (19:29:51) | WARNING: ROCm SMI: Failed to get maximum GPU temperature, defaulting to 110°C
2024/03/25 (19:29:51) | WARNING: ROCm SMI: Failed to get maximum GPU power draw, defaulting to 225W
2024/03/25 (19:29:51) | WARNING: ROCm SMI: Failed to get maximum GPU temperature, defaulting to 110°C
2024/03/25 (19:29:51) | WARNING: ROCm SMI: Failed to get VRAM utilization
2024/03/25 (19:29:51) | WARNING: ROCm SMI: Failed to get GPU power usage
2024/03/25 (19:29:51) | WARNING: ROCm SMI: Failed to get PCIe throughput

2024/03/27 (11:26:43) | ===> btop++ v.1.3.2
2024/03/27 (11:26:43) | WARNING: ROCm SMI: Failed to get maximum GPU temperature, defaulting to 110°C
2024/03/27 (11:26:43) | WARNING: ROCm SMI: Failed to get maximum GPU power draw, defaulting to 225W
2024/03/27 (11:26:43) | WARNING: ROCm SMI: Failed to get maximum GPU temperature, defaulting to 110°C
2024/03/27 (11:26:43) | WARNING: ROCm SMI: Failed to get VRAM utilization
2024/03/27 (11:26:43) | WARNING: ROCm SMI: Failed to get GPU power usage
2024/03/27 (11:26:43) | WARNING: ROCm SMI: Failed to get PCIe throughput

2024/03/27 (11:37:43) | ===> btop++ v.1.3.2
2024/03/27 (11:37:43) | WARNING: ROCm SMI: Failed to get maximum GPU temperature, defaulting to 110°C
2024/03/27 (11:37:43) | WARNING: ROCm SMI: Failed to get maximum GPU power draw, defaulting to 225W
2024/03/27 (11:37:43) | WARNING: ROCm SMI: Failed to get maximum GPU temperature, defaulting to 110°C
2024/03/27 (11:37:43) | WARNING: ROCm SMI: Failed to get VRAM utilization
2024/03/27 (11:37:43) | WARNING: ROCm SMI: Failed to get GPU power usage
2024/03/27 (11:37:43) | WARNING: ROCm SMI: Failed to get PCIe throughput

2024/03/27 (11:37:46) | ===> btop++ v.1.3.2
2024/03/27 (11:37:46) | WARNING: ROCm SMI: Failed to get maximum GPU temperature, defaulting to 110°C
2024/03/27 (11:37:46) | WARNING: ROCm SMI: Failed to get maximum GPU power draw, defaulting to 225W
2024/03/27 (11:37:46) | WARNING: ROCm SMI: Failed to get maximum GPU temperature, defaulting to 110°C
2024/03/27 (11:37:46) | WARNING: ROCm SMI: Failed to get VRAM utilization
2024/03/27 (11:37:46) | WARNING: ROCm SMI: Failed to get GPU power usage
2024/03/27 (11:37:46) | WARNING: ROCm SMI: Failed to get PCIe throughput

2024/03/27 (11:50:04) | ===> btop++ v.1.3.2
2024/03/27 (11:50:04) | WARNING: ROCm SMI: Failed to get maximum GPU temperature, defaulting to 110°C
2024/03/27 (11:50:04) | WARNING: ROCm SMI: Failed to get maximum GPU power draw, defaulting to 225W
2024/03/27 (11:50:04) | WARNING: ROCm SMI: Failed to get maximum GPU temperature, defaulting to 110°C
2024/03/27 (11:50:04) | WARNING: ROCm SMI: Failed to get VRAM utilization
2024/03/27 (11:50:04) | WARNING: ROCm SMI: Failed to get GPU power usage
2024/03/27 (11:50:04) | WARNING: ROCm SMI: Failed to get PCIe throughput

2024/03/27 (11:53:47) | ===> btop++ v.1.3.2
2024/03/27 (11:53:47) | WARNING: ROCm SMI: Failed to get maximum GPU temperature, defaulting to 110°C
2024/03/27 (11:53:47) | WARNING: ROCm SMI: Failed to get maximum GPU power draw, defaulting to 225W
2024/03/27 (11:53:47) | WARNING: ROCm SMI: Failed to get maximum GPU temperature, defaulting to 110°C
2024/03/27 (11:53:47) | WARNING: ROCm SMI: Failed to get VRAM utilization
2024/03/27 (11:53:47) | WARNING: ROCm SMI: Failed to get GPU power usage
2024/03/27 (11:53:47) | WARNING: ROCm SMI: Failed to get PCIe throughput

2024/03/27 (11:56:48) | ===> btop++ v.1.3.2
2024/03/27 (11:56:48) | WARNING: ROCm SMI: Failed to get maximum GPU temperature, defaulting to 110°C
2024/03/27 (11:56:48) | WARNING: ROCm SMI: Failed to get maximum GPU power draw, defaulting to 225W
2024/03/27 (11:56:48) | WARNING: ROCm SMI: Failed to get maximum GPU temperature, defaulting to 110°C
2024/03/27 (11:56:48) | WARNING: ROCm SMI: Failed to get VRAM utilization
2024/03/27 (11:56:48) | WARNING: ROCm SMI: Failed to get GPU power usage
2024/03/27 (11:56:48) | WARNING: ROCm SMI: Failed to get PCIe throughput

2024/03/27 (21:46:11) | ===> btop++ v.1.3.2
2024/03/27 (21:46:11) | WARNING: ROCm SMI: Failed to get maximum GPU temperature, defaulting to 110°C
2024/03/27 (21:46:11) | WARNING: ROCm SMI: Failed to get maximum GPU power draw, defaulting to 225W
2024/03/27 (21:46:11) | WARNING: ROCm SMI: Failed to get maximum GPU temperature, defaulting to 110°C
2024/03/27 (21:46:11) | WARNING: ROCm SMI: Failed to get VRAM utilization
2024/03/27 (21:46:11) | WARNING: ROCm SMI: Failed to get GPU power usage
2024/03/27 (21:46:11) | WARNING: ROCm SMI: Failed to get PCIe throughput

2024/03/27 (22:34:18) | ===> btop++ v.1.3.2
2024/03/27 (22:34:18) | WARNING: ROCm SMI: Failed to get maximum GPU temperature, defaulting to 110°C
2024/03/27 (22:34:18) | WARNING: ROCm SMI: Failed to get maximum GPU power draw, defaulting to 225W
2024/03/27 (22:34:18) | WARNING: ROCm SMI: Failed to get maximum GPU temperature, defaulting to 110°C
2024/03/27 (22:34:18) | WARNING: ROCm SMI: Failed to get VRAM utilization
2024/03/27 (22:34:18) | WARNING: ROCm SMI: Failed to get GPU power usage
2024/03/27 (22:34:18) | WARNING: ROCm SMI: Failed to get PCIe throughput
